{"numFailedTestSuites":5,"numFailedTests":0,"numPassedTestSuites":0,"numPassedTests":0,"numPendingTestSuites":0,"numPendingTests":0,"numRuntimeErrorTestSuites":5,"numTodoTests":0,"numTotalTestSuites":5,"numTotalTests":0,"openHandles":[],"snapshot":{"added":0,"didUpdate":false,"failure":false,"filesAdded":0,"filesRemoved":0,"filesRemovedList":[],"filesUnmatched":0,"filesUpdated":0,"matched":0,"total":0,"unchecked":0,"uncheckedKeysByFile":[],"unmatched":0,"updated":0},"startTime":1774292932618,"success":false,"testResults":[{"assertionResults":[],"coverage":{},"endTime":1774292936150,"message":"  ??? Test suite failed to run\n\n    Cannot find module '../../../lib/utils' from '__tests__/medium/utils.test.js'\n\n    \u001b[0m \u001b[90m  9 |\u001b[39m \u001b[36mimport\u001b[39m { cn\u001b[33m,\u001b[39m formatDate } \u001b[36mfrom\u001b[39m \u001b[32m'../../../lib/utils'\u001b[39m\n     \u001b[90m 10 |\u001b[39m\n    \u001b[31m\u001b[1m>\u001b[22m\u001b[39m\u001b[90m 11 |\u001b[39m describe(\u001b[32m'Utilidades Globales (Utils)'\u001b[39m\u001b[33m,\u001b[39m () \u001b[33m=>\u001b[39m {\n     \u001b[90m    |\u001b[39m                \u001b[31m\u001b[1m^\u001b[22m\u001b[39m\n     \u001b[90m 12 |\u001b[39m   describe(\u001b[32m'Funci??n cn()'\u001b[39m\u001b[33m,\u001b[39m () \u001b[33m=>\u001b[39m {\n     \u001b[90m 13 |\u001b[39m     it(\u001b[32m'combina m??ltiples nombres de clase de forma segura'\u001b[39m\u001b[33m,\u001b[39m () \u001b[33m=>\u001b[39m {\n     \u001b[90m 14 |\u001b[39m       \u001b[36mconst\u001b[39m result \u001b[33m=\u001b[39m cn(\u001b[32m'btn'\u001b[39m\u001b[33m,\u001b[39m \u001b[32m'btn-primary'\u001b[39m\u001b[33m,\u001b[39m \u001b[32m'bg-blue-500'\u001b[39m)\u001b[0m\n\n      at Resolver._throwModNotFoundError (node_modules/jest-resolve/build/index.js:863:11)\n      at Object.<anonymous> (__tests__/medium/utils.test.js:11:16)\n","name":"C:\\Users\\USUARIO\\Desktop\\02 DEV\\01-PROYECTOS\\estudiojuridicoweb\\__tests__\\medium\\utils.test.js","startTime":1774292936150,"status":"failed","summary":""},{"assertionResults":[],"coverage":{},"endTime":1774292936150,"message":"  ??? Test suite failed to run\n\n    Cannot find module '../../../components/layout/Footer' from '__tests__/basic/Footer.test.jsx'\n\n    \u001b[0m \u001b[90m 10 |\u001b[39m\n     \u001b[90m 11 |\u001b[39m describe(\u001b[32m'Pie de P??gina Est??tico (Footer)'\u001b[39m\u001b[33m,\u001b[39m () \u001b[33m=>\u001b[39m {\n    \u001b[31m\u001b[1m>\u001b[22m\u001b[39m\u001b[90m 12 |\u001b[39m   it(\u001b[32m'renderiza la informaci??n corporativa est??tica'\u001b[39m\u001b[33m,\u001b[39m () \u001b[33m=>\u001b[39m {\n     \u001b[90m    |\u001b[39m                                                        \u001b[31m\u001b[1m^\u001b[22m\u001b[39m\n     \u001b[90m 13 |\u001b[39m     render(\u001b[33m<\u001b[39m\u001b[33mFooter\u001b[39m \u001b[33m/\u001b[39m\u001b[33m>\u001b[39m)\n     \u001b[90m 14 |\u001b[39m     \n     \u001b[90m 15 |\u001b[39m     \u001b[90m// Verificamos que se renderice el nombre del estudio\u001b[39m\u001b[0m\n\n      at Resolver._throwModNotFoundError (node_modules/jest-resolve/build/index.js:863:11)\n      at Object.<anonymous> (__tests__/basic/Footer.test.jsx:12:56)\n","name":"C:\\Users\\USUARIO\\Desktop\\02 DEV\\01-PROYECTOS\\estudiojuridicoweb\\__tests__\\basic\\Footer.test.jsx","startTime":1774292936150,"status":"failed","summary":""},{"assertionResults":[],"coverage":{},"endTime":1774292936150,"message":"  ??? Test suite failed to run\n\n    Cannot find module '../../../app/contacto/page' from '__tests__/medium/ContactoForm.test.jsx'\n\n    \u001b[0m \u001b[90m 11 |\u001b[39m\n     \u001b[90m 12 |\u001b[39m describe(\u001b[32m'Formulario de Contacto (Medium Priority)'\u001b[39m\u001b[33m,\u001b[39m () \u001b[33m=>\u001b[39m {\n    \u001b[31m\u001b[1m>\u001b[22m\u001b[39m\u001b[90m 13 |\u001b[39m   it(\u001b[32m'renderiza todos los campos requeridos del formulario'\u001b[39m\u001b[33m,\u001b[39m () \u001b[33m=>\u001b[39m {\n     \u001b[90m    |\u001b[39m                                                      \u001b[31m\u001b[1m^\u001b[22m\u001b[39m\n     \u001b[90m 14 |\u001b[39m     render(\u001b[33m<\u001b[39m\u001b[33mContacto\u001b[39m \u001b[33m/\u001b[39m\u001b[33m>\u001b[39m)\n     \u001b[90m 15 |\u001b[39m     \n     \u001b[90m 16 |\u001b[39m     \u001b[90m// Verificamos que los inputs existan por su label asociado\u001b[39m\u001b[0m\n\n      at Resolver._throwModNotFoundError (node_modules/jest-resolve/build/index.js:863:11)\n      at Object.<anonymous> (__tests__/medium/ContactoForm.test.jsx:13:54)\n","name":"C:\\Users\\USUARIO\\Desktop\\02 DEV\\01-PROYECTOS\\estudiojuridicoweb\\__tests__\\medium\\ContactoForm.test.jsx","startTime":1774292936150,"status":"failed","summary":""},{"assertionResults":[],"coverage":{},"endTime":1774292936150,"message":"  ??? Test suite failed to run\n\n    Cannot find module '../../../components/layout/Navbar' from '__tests__/critical/Navbar.test.jsx'\n\n    \u001b[0m \u001b[90m 11 |\u001b[39m\n     \u001b[90m 12 |\u001b[39m describe(\u001b[32m'Navegaci??n Cr??tica (Navbar)'\u001b[39m\u001b[33m,\u001b[39m () \u001b[33m=>\u001b[39m {\n    \u001b[31m\u001b[1m>\u001b[22m\u001b[39m\u001b[90m 13 |\u001b[39m   \n     \u001b[90m    |\u001b[39m   \u001b[31m\u001b[1m^\u001b[22m\u001b[39m\n     \u001b[90m 14 |\u001b[39m   it(\u001b[32m'renderiza el logotipo y nombre de la firma'\u001b[39m\u001b[33m,\u001b[39m () \u001b[33m=>\u001b[39m {\n     \u001b[90m 15 |\u001b[39m     render(\u001b[33m<\u001b[39m\u001b[33mNavbar\u001b[39m \u001b[33m/\u001b[39m\u001b[33m>\u001b[39m)\n     \u001b[90m 16 |\u001b[39m     \u001b[0m\n\n      at Resolver._throwModNotFoundError (node_modules/jest-resolve/build/index.js:863:11)\n      at Object.<anonymous> (__tests__/critical/Navbar.test.jsx:13:56)\n","name":"C:\\Users\\USUARIO\\Desktop\\02 DEV\\01-PROYECTOS\\estudiojuridicoweb\\__tests__\\critical\\Navbar.test.jsx","startTime":1774292936150,"status":"failed","summary":""},{"assertionResults":[],"coverage":{},"endTime":1774292936150,"message":"  ??? Test suite failed to run\n\n    Cannot find module '../../../app/page' from '__tests__/critical/HomePage.test.jsx'\n\n    \u001b[0m \u001b[90m 44 |\u001b[39m     expect(screen\u001b[33m.\u001b[39mgetByTestId(\u001b[32m'practice-areas'\u001b[39m))\u001b[33m.\u001b[39mtoBeInTheDocument()\n     \u001b[90m 45 |\u001b[39m     expect(screen\u001b[33m.\u001b[39mgetByTestId(\u001b[32m'testimonials'\u001b[39m))\u001b[33m.\u001b[39mtoBeInTheDocument()\n    \u001b[31m\u001b[1m>\u001b[22m\u001b[39m\u001b[90m 46 |\u001b[39m     expect(screen\u001b[33m.\u001b[39mgetByTestId(\u001b[32m'cta-section'\u001b[39m))\u001b[33m.\u001b[39mtoBeInTheDocument()\n     \u001b[90m    |\u001b[39m                                                      \u001b[31m\u001b[1m^\u001b[22m\u001b[39m\n     \u001b[90m 47 |\u001b[39m   })\n     \u001b[90m 48 |\u001b[39m\n     \u001b[90m 49 |\u001b[39m   it(\u001b[32m'renderiza la secci??n est??tica central \"??Por Qu?? Elegirnos?\" y m??tricas vitales'\u001b[39m\u001b[33m,\u001b[39m () \u001b[33m=>\u001b[39m {\u001b[0m\n\n      at Resolver._throwModNotFoundError (node_modules/jest-resolve/build/index.js:863:11)\n      at Object.<anonymous> (__tests__/critical/HomePage.test.jsx:46:54)\n","name":"C:\\Users\\USUARIO\\Desktop\\02 DEV\\01-PROYECTOS\\estudiojuridicoweb\\__tests__\\critical\\HomePage.test.jsx","startTime":1774292936150,"status":"failed","summary":""}],"wasInterrupted":false}
